<?xml version="1.0" encoding="UTF-8"?>
<testsuite xmlns:xsi="http://www.w3.org/2001/XMLSchema-instance" xsi:noNamespaceSchemaLocation="https://maven.apache.org/surefire/maven-surefire-plugin/xsd/surefire-test-report.xsd" version="3.0.1" name="TestSuite" time="0.387" tests="12" errors="0" skipped="0" failures="0">
  <properties>
[...]
</properties>
  <testcase name="Method1" classname="MavenTest1" time="0.003">
    <system-out><![CDATA[my 1 test case
]]></system-out>
    <system-err><![CDATA[SLF4J: Failed to load class "org.slf4j.impl.StaticLoggerBinder".
SLF4J: Defaulting to no-operation (NOP) logger implementation
SLF4J: See http://www.slf4j.org/codes.html#StaticLoggerBinder for further details.
]]></system-err>
  </testcase>
  <testcase name="Method2" classname="MavenTest1" time="0.002">
    <system-out><![CDATA[my 2 test case
]]></system-out>
  </testcase>
  <testcase name="Method3" classname="MavenTest1" time="0.0">
    <system-out><![CDATA[my 3 test case
]]></system-out>
  </testcase>
  <testcase name="Method4" classname="MavenTest1" time="0.001">
    <system-out><![CDATA[my 4 test case
]]></system-out>
  </testcase>
  <testcase name="Method5" classname="MavenTest2" time="0.001">
    <system-out><![CDATA[my 5 test case
]]></system-out>
  </testcase>
  <testcase name="Method6" classname="MavenTest2" time="0.001">
    <system-out><![CDATA[my 6 test case
]]></system-out>
  </testcase>
  <testcase name="Method7" classname="MavenTest2" time="0.0">
    <system-out><![CDATA[my 7 test case
]]></system-out>
  </testcase>
  <testcase name="Method8" classname="MavenTest2" time="0.002">
    <system-out><![CDATA[my 8 test case
]]></system-out>
  </testcase>
  <testcase name="Method1" classname="MavenTest3" time="0.0">
    <system-out><![CDATA[my 9 test case
]]></system-out>
  </testcase>
  <testcase name="Method2" classname="MavenTest3" time="0.0">
    <system-out><![CDATA[my 10 test case
]]></system-out>
  </testcase>
  <testcase name="Method3" classname="MavenTest3" time="0.0">
    <system-out><![CDATA[my 11 test case
]]></system-out>
  </testcase>
  <testcase name="Method4" classname="MavenTest3" time="0.001">
    <system-out><![CDATA[my 12 test case
]]></system-out>
  </testcase>
</testsuite>