<?xml version="1.0" encoding="UTF-8"?>
<testng-results ignored="0" total="12" passed="12" failed="0" skipped="0">
  <reporter-output>
  </reporter-output>
  <suite started-at="2024-06-19T07:33:44 IST" name="All Test Suite" finished-at="2024-06-19T07:33:44 IST" duration-ms="37">
    <groups>
    </groups>
    <test started-at="2024-06-19T07:33:44 IST" name="C:/IntellijJava/MyFirstJava" finished-at="2024-06-19T07:33:44 IST" duration-ms="37">
      <class name="MavenTest2">
        <test-method signature="Method6()[pri:0, instance:MavenTest2@5e82df6a]" started-at="2024-06-19T07:33:44 IST" name="Method6" finished-at="2024-06-19T07:33:44 IST" duration-ms="0" status="PASS">
          <reporter-output>
          </reporter-output>
        </test-method> <!-- Method6 -->
        <test-method signature="Method5()[pri:0, instance:MavenTest2@5e82df6a]" started-at="2024-06-19T07:33:44 IST" name="Method5" finished-at="2024-06-19T07:33:44 IST" duration-ms="0" status="PASS">
          <reporter-output>
          </reporter-output>
        </test-method> <!-- Method5 -->
        <test-method signature="Method7()[pri:0, instance:MavenTest2@5e82df6a]" started-at="2024-06-19T07:33:44 IST" name="Method7" finished-at="2024-06-19T07:33:44 IST" duration-ms="0" status="PASS">
          <reporter-output>
          </reporter-output>
        </test-method> <!-- Method7 -->
        <test-method signature="Method8()[pri:0, instance:MavenTest2@5e82df6a]" started-at="2024-06-19T07:33:44 IST" name="Method8" finished-at="2024-06-19T07:33:44 IST" duration-ms="1" status="PASS">
          <reporter-output>
          </reporter-output>
        </test-method> <!-- Method8 -->
      </class> <!-- MavenTest2 -->
      <class name="MavenTest1">
        <test-method signature="Method1()[pri:0, instance:MavenTest1@48ae9b55]" started-at="2024-06-19T07:33:44 IST" name="Method1" finished-at="2024-06-19T07:33:44 IST" duration-ms="3" status="PASS">
          <reporter-output>
          </reporter-output>
        </test-method> <!-- Method1 -->
        <test-method signature="Method2()[pri:0, instance:MavenTest1@48ae9b55]" started-at="2024-06-19T07:33:44 IST" name="Method2" finished-at="2024-06-19T07:33:44 IST" duration-ms="0" status="PASS">
          <reporter-output>
          </reporter-output>
        </test-method> <!-- Method2 -->
        <test-method signature="Method3()[pri:0, instance:MavenTest1@48ae9b55]" started-at="2024-06-19T07:33:44 IST" name="Method3" finished-at="2024-06-19T07:33:44 IST" duration-ms="0" status="PASS">
          <reporter-output>
          </reporter-output>
        </test-method> <!-- Method3 -->
        <test-method signature="Method4()[pri:0, instance:MavenTest1@48ae9b55]" started-at="2024-06-19T07:33:44 IST" name="Method4" finished-at="2024-06-19T07:33:44 IST" duration-ms="0" status="PASS">
          <reporter-output>
          </reporter-output>
        </test-method> <!-- Method4 -->
      </class> <!-- MavenTest1 -->
      <class name="MavenTest3">
        <test-method signature="Method1()[pri:0, instance:MavenTest3@3f197a46]" started-at="2024-06-19T07:33:44 IST" name="Method1" finished-at="2024-06-19T07:33:44 IST" duration-ms="0" status="PASS">
          <reporter-output>
          </reporter-output>
        </test-method> <!-- Method1 -->
        <test-method signature="Method2()[pri:0, instance:MavenTest3@3f197a46]" started-at="2024-06-19T07:33:44 IST" name="Method2" finished-at="2024-06-19T07:33:44 IST" duration-ms="0" status="PASS">
          <reporter-output>
          </reporter-output>
        </test-method> <!-- Method2 -->
        <test-method signature="Method3()[pri:0, instance:MavenTest3@3f197a46]" started-at="2024-06-19T07:33:44 IST" name="Method3" finished-at="2024-06-19T07:33:44 IST" duration-ms="1" status="PASS">
          <reporter-output>
          </reporter-output>
        </test-method> <!-- Method3 -->
        <test-method signature="Method4()[pri:0, instance:MavenTest3@3f197a46]" started-at="2024-06-19T07:33:44 IST" name="Method4" finished-at="2024-06-19T07:33:44 IST" duration-ms="0" status="PASS">
          <reporter-output>
          </reporter-output>
        </test-method> <!-- Method4 -->
      </class> <!-- MavenTest3 -->
    </test> <!-- C:/IntellijJava/MyFirstJava -->
  </suite> <!-- All Test Suite -->
</testng-results>
